common/build/intermediates/manifest_merge_blame_file/debug/manifest-merger-blame-debug-report.txt
1<?xml version="1.0" encoding="utf-8"?>
2<manifest xmlns:android="http://schemas.android.com/apk/res/android"
3    package="com.jecelyin.common" >
4
5    <uses-sdk android:minSdkVersion="21" />
5-->src\main\AndroidManifest.xml
6
7    <application android:allowBackup="true" >
7-->src\main\AndroidManifest.xml:2:5-3:19
7-->src\main\AndroidManifest.xml:2:18-44
8    </application>
9
10</manifest>